updating from https://github.com/deislabs/bundles
aks                           : {"credentials": 4, "description": 0, "images": 0, "imagetype:docker": 1, "invocationImages": 1, "keywords": 0, "maintainers": 0, "parameters": 3, "schemaversion:v1.0.0-WD": 1}
aks-terraform                 : {"credentials": 5, "description": 0, "images": 0, "imagetype:docker": 1, "invocationImages": 1, "keywords": 0, "maintainers": 0, "parameters": 10, "schemaversion:v1.0.0-WD": 1}
ansible-azurevm               : {"credentials": 4, "description": 0, "images": 0, "imagetype:docker": 1, "invocationImages": 1, "keywords": 0, "maintainers": 0, "parameters": 1, "schemaversion:v1.0.0-WD": 1}
ansiblebase                   : {"credentials": 4, "description": 0, "images": 0, "imagetype:docker": 1, "invocationImages": 1, "keywords": 0, "maintainers": 0, "parameters": 3, "schemaversion:v1.0.0-WD": 1}
arm-aci                       : {"credentials": 4, "description": 0, "images": 1, "imagetype:docker": 2, "invocationImages": 1, "keywords": 0, "maintainers": 0, "parameters": 2, "schemaversion:v1.0.0-WD": 1}
armbase                       : {"credentials": 4, "description": 0, "images": 0, "imagetype:docker": 1, "invocationImages": 1, "keywords": 0, "maintainers": 0, "parameters": 2, "schemaversion:v1.0.0-WD": 1}
compose                       : {"credentials": 0, "description": 0, "images": 2, "imagetype:docker": 3, "invocationImages": 1, "keywords": 0, "maintainers": 0, "parameters": 0, "schemaversion:v1.0.0-WD": 1}
example-credentials           : {"credentials": 3, "description": 0, "images": 0, "imagetype:docker": 1, "invocationImages": 1, "keywords": 0, "maintainers": 0, "parameters": 0, "schemaversion:v1.0.0-WD": 1}
example-run                   : {"credentials": 0, "description": 0, "images": 0, "imagetype:docker": 1, "invocationImages": 1, "keywords": 0, "maintainers": 0, "parameters": 1, "schemaversion:v1.0.0-WD": 1}
example-voting-app-sqlserver  : {"credentials": 0, "description": 0, "images": 2, "imagetype:docker": 3, "invocationImages": 1, "keywords": 0, "maintainers": 0, "parameters": 0, "schemaversion:v1.0.0-WD": 1}
helloazure                    : {"credentials": 0, "description": 0, "images": 0, "imagetype:azure-image": 1, "invocationImages": 1, "keywords": 0, "maintainers": 0, "parameters": 0, "schemaversion:v1.0.0-WD": 1}
hellohelm                     : {"credentials": 1, "description": 0, "images": 1, "imagetype:docker": 2, "invocationImages": 1, "keywords": 0, "maintainers": 0, "parameters": 1, "schemaversion:v1.0.0-WD": 1}
helloworld                    : {"credentials": 0, "description": 0, "images": 0, "imagetype:docker": 1, "invocationImages": 1, "keywords": 0, "maintainers": 0, "parameters": 1, "schemaversion:v1.0.0-WD": 1}
k8sbase                       : {"credentials": 0, "description": 0, "images": 0, "imagetype:docker": 1, "invocationImages": 1, "keywords": 0, "maintainers": 0, "parameters": 1, "schemaversion:v1.0.0-WD": 1}
makebase                      : {"credentials": 0, "description": 0, "images": 0, "imagetype:docker": 1, "invocationImages": 1, "keywords": 0, "maintainers": 0, "parameters": 0, "schemaversion:v1.0.0-WD": 1}
!! bundle.json file missing in openfaas
pulumibase                    : {"credentials": 0, "description": 0, "images": 1, "imagetype:docker": 2, "invocationImages": 1, "keywords": 0, "maintainers": 0, "parameters": 0, "schemaversion:v1.0.0-WD": 1}
terraform                     : {"credentials": 5, "description": 0, "images": 0, "imagetype:docker": 1, "invocationImages": 1, "keywords": 0, "maintainers": 0, "parameters": 1, "schemaversion:v1.0.0-WD": 1}
vote                          : {"credentials": 1, "description": 1, "images": 0, "imagetype:docker": 1, "invocationImages": 1, "keywords": 0, "maintainers": 0, "parameters": 1, "schemaversion:v1.0.0-WD": 1}
wordpress                     : {"credentials": 0, "description": 0, "images": 0, "imagetype:docker": 1, "invocationImages": 1, "keywords": 0, "maintainers": 0, "parameters": 0, "schemaversion:v1.0.0-WD": 1}
wordpress-mysql               : {"credentials": 4, "description": 0, "images": 0, "imagetype:docker": 1, "invocationImages": 1, "keywords": 0, "maintainers": 0, "parameters": 5, "schemaversion:v1.0.0-WD": 1}
21 bundles, including 5 base bundles found
averages:
 - credentials                   : 1.86
 - description                   : 0.05
 - images                        : 0.33
 - imagetype:azure-image         : 0.05
 - imagetype:docker              : 1.24
 - invocationImages              : 0.95
 - keywords                      : 0.00
 - maintainers                   : 0.00
 - parameters                    : 1.52
 - schemaversion:v1.0.0-WD       : 0.95
FAIL
